suggestm me the build-in function which we can use with for, while, if loops and condtion with in pythonic way ?

To write "Pythonic" code, you want to use functions that make your loops and conditions more readable, efficient, and expressive. Python provides several built-in tools that help you avoid manual counters or messy nested logic.

1. Functions for Loops (for, while)
These functions help you iterate over data more elegantly than using a standard range(len()) approach.

enumerate()
As we discussed, this gives you both the index and the value at once.

Use case: When you need the position of an item.

zip()
This allows you to loop over two or more lists at the same time.

Example:

Python
names = ["Alice", "Bob"]
scores = [85, 92]
for name, score in zip(names, scores):
    print(f"{name} got a {score}")
reversed() and sorted()
Instead of modifying your original list, these allow you to iterate in a specific order.

Example: for item in sorted(my_list): or for item in reversed(my_list):

2. Functions for Conditions (if)
These are powerful tools for checking multiple conditions across a collection without writing long strings of or / and statements.

any()
Returns True if at least one item in a list/collection is True.

Analogy: It's like a giant or chain.

Example: if any(score > 90 for score in scores): (Check if anyone got an A).

all()
Returns True only if every single item in the collection is True.

Analogy: It's like a giant and chain.

Example: if all(price > 0 for price in cart): (Check if no items are free).

3. High-Order Functions (Processing Data)
These are often used to transform or filter data during a loop or assignment.

map()
Applies a function to every item in a list.

Example: list(map(str.upper, ['a', 'b'])) transforms them to ['A', 'B'].

filter()
Keeps only the items that meet a specific condition.

Example: list(filter(lambda x: x > 10, numbers)) keeps only numbers greater than 10.

4. Summary Table: The Pythonic Way
If you want to...	Don't do this...	Do this (Pythonic)
Get Index	i = 0 then i += 1	enumerate(list)
Loop 2 Lists	list1[i], list2[i]	zip(list1, list2)
Check any condition	if a or b or c:	any([a, b, c])
Check all conditions	if a and b and c:	all([a, b, c])
Safe Key Access	if key in dict: val = dict[key]	dict.get(key)
Pro Tip: List Comprehensions
While not technically a "function," List Comprehensions are the most Pythonic way to combine a for loop and an if condition into one line:

squared_evens = [x**2 for x in numbers if x % 2 == 0]

This single line replaces about 4 lines of standard loop code!

Which of these would you like to see a deeper code example for?